<?xml version="1.0" encoding="UTF-8"?>
<!-- Generated by org.testng.reporters.JUnitReportReporter -->
<testsuite hostname="DESKTOP-P46RTQG" failures="0" tests="1" name="Demo.First_Program" time="32.624" errors="0" timestamp="10 Oct 2022 05:12:28 GMT">
  <testcase classname="Demo.First_Program" name="testcase1" time="32.624"/>
</testsuite> <!-- Demo.First_Program -->
