<?xml version="1.0" encoding="UTF-8"?>
<!-- Generated by org.testng.reporters.JUnitReportReporter -->
<testsuite hostname="DESKTOP-P46RTQG" failures="0" tests="1" name="Demo.First_Program" time="28.328" errors="0" timestamp="13 Oct 2022 10:53:44 GMT">
  <testcase classname="Demo.First_Program" name="testcase1" time="28.328"/>
</testsuite> <!-- Demo.First_Program -->
