<?xml version="1.0" encoding="UTF-8"?>
<!-- Generated by org.testng.reporters.JUnitReportReporter -->
<testsuite hostname="DESKTOP-P46RTQG" failures="0" tests="2" name="Demo.ohrm" time="16.408" errors="0" timestamp="17 Oct 2022 07:11:54 GMT">
  <testcase classname="Demo.ohrm" name="windoHandle" time="7.033"/>
  <testcase classname="Demo.ohrm" name="mac" time="9.375"/>
</testsuite> <!-- Demo.ohrm -->
