<?xml version="1.0" encoding="UTF-8"?>
<!-- Generated by org.testng.reporters.JUnitReportReporter -->
<testsuite hostname="DESKTOP-P46RTQG" failures="0" tests="4" name="Demo.Project" time="20.209" errors="0" timestamp="12 Oct 2022 07:00:37 GMT">
  <testcase classname="Demo.Project" name="test1" time="7.544"/>
  <testcase classname="Demo.Project" name="test" time="4.841"/>
  <testcase classname="Demo.Project" name="east3" time="5.474"/>
  <testcase classname="Demo.Project" name="test2" time="2.350"/>
</testsuite> <!-- Demo.Project -->
