<?xml version="1.0" encoding="UTF-8"?>
<!-- Generated by org.testng.reporters.JUnitReportReporter -->
<testsuite hostname="DESKTOP-P46RTQG" failures="0" tests="1" name="Demo.Project2" time="5.776" errors="0" timestamp="14 Oct 2022 09:33:09 GMT">
  <testcase classname="Demo.Project2" name="mac" time="5.776"/>
</testsuite> <!-- Demo.Project2 -->
